<?xml version="1.0" encoding="UTF-8" ?>
<testsuite errors="0" failures="1" hostname="bmanning10m2.local" name="kennelpal.OwnerTests" tests="1" time="0.246" timestamp="2013-04-23T16:02:04">
  <properties />
  <testcase classname="kennelpal.OwnerTests" name="testSomething" time="0.138">
    <failure message="junit.framework.AssertionFailedError: Implement me" type="junit.framework.AssertionFailedError">junit.framework.AssertionFailedError: junit.framework.AssertionFailedError: Implement me
	at kennelpal.OwnerTests.testSomething(OwnerTests.groovy:15)
</failure>
  </testcase>
  <system-out><![CDATA[--Output from testSomething--
]]></system-out>
  <system-err><![CDATA[--Output from testSomething--
]]></system-err>
</testsuite>
