<?xml version="1.0" encoding="UTF-8" ?>
<testsuite errors="0" failures="0" hostname="bmanning10m2.local" name="kennelpal.PaymentControllerTests" tests="8" time="0.926" timestamp="2013-04-23T17:52:56">
  <properties />
  <testcase classname="kennelpal.PaymentControllerTests" name="testIndex" time="0.326" />
  <testcase classname="kennelpal.PaymentControllerTests" name="testList" time="0.051" />
  <testcase classname="kennelpal.PaymentControllerTests" name="testCreate" time="0.052" />
  <testcase classname="kennelpal.PaymentControllerTests" name="testSave" time="0.095" />
  <testcase classname="kennelpal.PaymentControllerTests" name="testShow" time="0.066" />
  <testcase classname="kennelpal.PaymentControllerTests" name="testEdit" time="0.057" />
  <testcase classname="kennelpal.PaymentControllerTests" name="testUpdate" time="0.082" />
  <testcase classname="kennelpal.PaymentControllerTests" name="testDelete" time="0.089" />
  <system-out><![CDATA[--Output from testIndex--
--Output from testList--
--Output from testCreate--
--Output from testSave--
--Output from testShow--
--Output from testEdit--
--Output from testUpdate--
--Output from testDelete--
]]></system-out>
  <system-err><![CDATA[--Output from testIndex--
--Output from testList--
--Output from testCreate--
--Output from testSave--
--Output from testShow--
--Output from testEdit--
--Output from testUpdate--
--Output from testDelete--
]]></system-err>
</testsuite>
