<?xml version="1.0" encoding="UTF-8" ?>
<testsuite errors="0" failures="0" hostname="bmanning10m2.local" name="kennelpal.ReservationTests" tests="1" time="0.289" timestamp="2013-04-23T17:40:44">
  <properties />
  <testcase classname="kennelpal.ReservationTests" name="testToString" time="0.151" />
  <system-out><![CDATA[--Output from testToString--
]]></system-out>
  <system-err><![CDATA[--Output from testToString--
]]></system-err>
</testsuite>
