<?xml version="1.0" encoding="UTF-8" ?>
<testsuite errors="0" failures="0" hostname="bmanning10m2.local" name="kennelpal.ReservationControllerTests" tests="8" time="0.794" timestamp="2013-04-23T20:58:58">
  <properties />
  <testcase classname="kennelpal.ReservationControllerTests" name="testIndex" time="0.338" />
  <testcase classname="kennelpal.ReservationControllerTests" name="testList" time="0.049" />
  <testcase classname="kennelpal.ReservationControllerTests" name="testCreate" time="0.042" />
  <testcase classname="kennelpal.ReservationControllerTests" name="testSave" time="0.07" />
  <testcase classname="kennelpal.ReservationControllerTests" name="testShow" time="0.05" />
  <testcase classname="kennelpal.ReservationControllerTests" name="testEdit" time="0.049" />
  <testcase classname="kennelpal.ReservationControllerTests" name="testUpdate" time="0.068" />
  <testcase classname="kennelpal.ReservationControllerTests" name="testDelete" time="0.052" />
  <system-out><![CDATA[--Output from testIndex--
--Output from testList--
--Output from testCreate--
--Output from testSave--
--Output from testShow--
--Output from testEdit--
--Output from testUpdate--
--Output from testDelete--
]]></system-out>
  <system-err><![CDATA[--Output from testIndex--
--Output from testList--
--Output from testCreate--
--Output from testSave--
--Output from testShow--
--Output from testEdit--
--Output from testUpdate--
--Output from testDelete--
]]></system-err>
</testsuite>
