<?xml version="1.0" encoding="UTF-8" ?>
<testsuite errors="0" failures="0" hostname="bmanning10m2.local" name="kennelpal.PetControllerTests" tests="8" time="0.866" timestamp="2013-04-23T16:38:13">
  <properties />
  <testcase classname="kennelpal.PetControllerTests" name="testIndex" time="0.3" />
  <testcase classname="kennelpal.PetControllerTests" name="testList" time="0.054" />
  <testcase classname="kennelpal.PetControllerTests" name="testCreate" time="0.043" />
  <testcase classname="kennelpal.PetControllerTests" name="testSave" time="0.12" />
  <testcase classname="kennelpal.PetControllerTests" name="testShow" time="0.056" />
  <testcase classname="kennelpal.PetControllerTests" name="testEdit" time="0.055" />
  <testcase classname="kennelpal.PetControllerTests" name="testUpdate" time="0.093" />
  <testcase classname="kennelpal.PetControllerTests" name="testDelete" time="0.057" />
  <system-out><![CDATA[--Output from testIndex--
--Output from testList--
--Output from testCreate--
--Output from testSave--
--Output from testShow--
--Output from testEdit--
--Output from testUpdate--
--Output from testDelete--
]]></system-out>
  <system-err><![CDATA[--Output from testIndex--
--Output from testList--
--Output from testCreate--
--Output from testSave--
--Output from testShow--
--Output from testEdit--
--Output from testUpdate--
--Output from testDelete--
]]></system-err>
</testsuite>
