<?xml version="1.0" encoding="UTF-8" ?>
<testsuite errors="0" failures="1" hostname="bmanning10m2.local" name="kennelpal.PaymentTests" tests="1" time="0.266" timestamp="2013-04-23T16:02:05">
  <properties />
  <testcase classname="kennelpal.PaymentTests" name="testSomething" time="0.169">
    <failure message="junit.framework.AssertionFailedError: Implement me" type="junit.framework.AssertionFailedError">junit.framework.AssertionFailedError: junit.framework.AssertionFailedError: Implement me
	at kennelpal.PaymentTests.testSomething(PaymentTests.groovy:15)
</failure>
  </testcase>
  <system-out><![CDATA[--Output from testSomething--
]]></system-out>
  <system-err><![CDATA[--Output from testSomething--
]]></system-err>
</testsuite>
