<?xml version="1.0" encoding="UTF-8" ?>
<testsuite errors="0" failures="1" hostname="bmanning10m2.local" name="kennelpal.PetTests" tests="1" time="0.336" timestamp="2013-04-23T16:02:08">
  <properties />
  <testcase classname="kennelpal.PetTests" name="testSomething" time="0.225">
    <failure message="junit.framework.AssertionFailedError: Implement me" type="junit.framework.AssertionFailedError">junit.framework.AssertionFailedError: junit.framework.AssertionFailedError: Implement me
	at kennelpal.PetTests.testSomething(PetTests.groovy:15)
</failure>
  </testcase>
  <system-out><![CDATA[--Output from testSomething--
]]></system-out>
  <system-err><![CDATA[--Output from testSomething--
]]></system-err>
</testsuite>
