<?xml version="1.0" encoding="UTF-8" ?>
<testsuite errors="0" failures="0" hostname="bmanning10m2.local" name="kennelpal.PetControllerTests" tests="8" time="1.635" timestamp="2013-04-23T16:02:06">
  <properties />
  <testcase classname="kennelpal.PetControllerTests" name="testIndex" time="0.292" />
  <testcase classname="kennelpal.PetControllerTests" name="testList" time="0.043" />
  <testcase classname="kennelpal.PetControllerTests" name="testCreate" time="0.049" />
  <testcase classname="kennelpal.PetControllerTests" name="testSave" time="0.07" />
  <testcase classname="kennelpal.PetControllerTests" name="testShow" time="0.894" />
  <testcase classname="kennelpal.PetControllerTests" name="testEdit" time="0.083" />
  <testcase classname="kennelpal.PetControllerTests" name="testUpdate" time="0.075" />
  <testcase classname="kennelpal.PetControllerTests" name="testDelete" time="0.053" />
  <system-out><![CDATA[--Output from testIndex--
--Output from testList--
--Output from testCreate--
--Output from testSave--
--Output from testShow--
--Output from testEdit--
--Output from testUpdate--
--Output from testDelete--
]]></system-out>
  <system-err><![CDATA[--Output from testIndex--
--Output from testList--
--Output from testCreate--
--Output from testSave--
--Output from testShow--
--Output from testEdit--
--Output from testUpdate--
--Output from testDelete--
]]></system-err>
</testsuite>
