<?xml version="1.0" encoding="UTF-8" ?>
<testsuite errors="0" failures="0" hostname="bmanning10m2.local" name="kennelpal.RateTests" tests="1" time="0.233" timestamp="2013-04-23T20:58:57">
  <properties />
  <testcase classname="kennelpal.RateTests" name="testToString" time="0.12" />
  <system-out><![CDATA[--Output from testToString--
]]></system-out>
  <system-err><![CDATA[--Output from testToString--
]]></system-err>
</testsuite>
