<?xml version="1.0" encoding="UTF-8" ?>
<testsuite errors="0" failures="0" hostname="bmanning10m2.local" name="kennelpal.RateControllerTests" tests="8" time="0.868" timestamp="2013-04-23T17:40:42">
  <properties />
  <testcase classname="kennelpal.RateControllerTests" name="testIndex" time="0.357" />
  <testcase classname="kennelpal.RateControllerTests" name="testList" time="0.049" />
  <testcase classname="kennelpal.RateControllerTests" name="testCreate" time="0.058" />
  <testcase classname="kennelpal.RateControllerTests" name="testSave" time="0.09" />
  <testcase classname="kennelpal.RateControllerTests" name="testShow" time="0.063" />
  <testcase classname="kennelpal.RateControllerTests" name="testEdit" time="0.048" />
  <testcase classname="kennelpal.RateControllerTests" name="testUpdate" time="0.054" />
  <testcase classname="kennelpal.RateControllerTests" name="testDelete" time="0.067" />
  <system-out><![CDATA[--Output from testIndex--
--Output from testList--
--Output from testCreate--
--Output from testSave--
--Output from testShow--
--Output from testEdit--
--Output from testUpdate--
--Output from testDelete--
]]></system-out>
  <system-err><![CDATA[--Output from testIndex--
--Output from testList--
--Output from testCreate--
--Output from testSave--
--Output from testShow--
--Output from testEdit--
--Output from testUpdate--
--Output from testDelete--
]]></system-err>
</testsuite>
