<?xml version="1.0" encoding="UTF-8" ?>
<testsuite errors="0" failures="0" hostname="bmanning10m2.local" name="kennelpal.PaymentTests" tests="1" time="0.238" timestamp="2013-04-23T17:52:57">
  <properties />
  <testcase classname="kennelpal.PaymentTests" name="testToString" time="0.121" />
  <system-out><![CDATA[--Output from testToString--
]]></system-out>
  <system-err><![CDATA[--Output from testToString--
]]></system-err>
</testsuite>
