<?xml version="1.0" encoding="UTF-8" ?>
<testsuite errors="0" failures="0" hostname="bmanning10m2.local" name="kennelpal.ContactControllerTests" tests="8" time="3.703" timestamp="2013-04-23T16:38:06">
  <properties />
  <testcase classname="kennelpal.ContactControllerTests" name="testIndex" time="2.172" />
  <testcase classname="kennelpal.ContactControllerTests" name="testList" time="0.545" />
  <testcase classname="kennelpal.ContactControllerTests" name="testCreate" time="0.114" />
  <testcase classname="kennelpal.ContactControllerTests" name="testSave" time="0.325" />
  <testcase classname="kennelpal.ContactControllerTests" name="testShow" time="0.094" />
  <testcase classname="kennelpal.ContactControllerTests" name="testEdit" time="0.078" />
  <testcase classname="kennelpal.ContactControllerTests" name="testUpdate" time="0.112" />
  <testcase classname="kennelpal.ContactControllerTests" name="testDelete" time="0.087" />
  <system-out><![CDATA[--Output from testIndex--
--Output from testList--
--Output from testCreate--
--Output from testSave--
--Output from testShow--
--Output from testEdit--
--Output from testUpdate--
--Output from testDelete--
]]></system-out>
  <system-err><![CDATA[--Output from testIndex--
--Output from testList--
--Output from testCreate--
--Output from testSave--
--Output from testShow--
--Output from testEdit--
--Output from testUpdate--
--Output from testDelete--
]]></system-err>
</testsuite>
