<?xml version="1.0" encoding="UTF-8" ?>
<testsuite errors="0" failures="0" hostname="bmanning10m2.local" name="kennelpal.OwnerControllerTests" tests="8" time="1.653" timestamp="2013-04-23T20:58:52">
  <properties />
  <testcase classname="kennelpal.OwnerControllerTests" name="testIndex" time="0.616" />
  <testcase classname="kennelpal.OwnerControllerTests" name="testList" time="0.083" />
  <testcase classname="kennelpal.OwnerControllerTests" name="testCreate" time="0.093" />
  <testcase classname="kennelpal.OwnerControllerTests" name="testSave" time="0.336" />
  <testcase classname="kennelpal.OwnerControllerTests" name="testShow" time="0.108" />
  <testcase classname="kennelpal.OwnerControllerTests" name="testEdit" time="0.078" />
  <testcase classname="kennelpal.OwnerControllerTests" name="testUpdate" time="0.127" />
  <testcase classname="kennelpal.OwnerControllerTests" name="testDelete" time="0.11" />
  <system-out><![CDATA[--Output from testIndex--
--Output from testList--
--Output from testCreate--
--Output from testSave--
--Output from testShow--
--Output from testEdit--
--Output from testUpdate--
--Output from testDelete--
]]></system-out>
  <system-err><![CDATA[--Output from testIndex--
--Output from testList--
--Output from testCreate--
--Output from testSave--
--Output from testShow--
--Output from testEdit--
--Output from testUpdate--
--Output from testDelete--
]]></system-err>
</testsuite>
