<?xml version="1.0" encoding="UTF-8" ?>
<testsuite errors="0" failures="0" hostname="bmanning10m2.local" name="kennelpal.ContactControllerTests" tests="8" time="4.007" timestamp="2013-04-23T17:40:32">
  <properties />
  <testcase classname="kennelpal.ContactControllerTests" name="testIndex" time="2.369" />
  <testcase classname="kennelpal.ContactControllerTests" name="testList" time="0.66" />
  <testcase classname="kennelpal.ContactControllerTests" name="testCreate" time="0.101" />
  <testcase classname="kennelpal.ContactControllerTests" name="testSave" time="0.297" />
  <testcase classname="kennelpal.ContactControllerTests" name="testShow" time="0.128" />
  <testcase classname="kennelpal.ContactControllerTests" name="testEdit" time="0.081" />
  <testcase classname="kennelpal.ContactControllerTests" name="testUpdate" time="0.139" />
  <testcase classname="kennelpal.ContactControllerTests" name="testDelete" time="0.092" />
  <system-out><![CDATA[--Output from testIndex--
--Output from testList--
--Output from testCreate--
--Output from testSave--
--Output from testShow--
--Output from testEdit--
--Output from testUpdate--
--Output from testDelete--
]]></system-out>
  <system-err><![CDATA[--Output from testIndex--
--Output from testList--
--Output from testCreate--
--Output from testSave--
--Output from testShow--
--Output from testEdit--
--Output from testUpdate--
--Output from testDelete--
]]></system-err>
</testsuite>
