<?xml version="1.0" encoding="UTF-8" ?>
<testsuite errors="0" failures="0" hostname="bmanning10m2.local" name="kennelpal.OwnerControllerTests" tests="8" time="1.856" timestamp="2013-04-23T17:40:36">
  <properties />
  <testcase classname="kennelpal.OwnerControllerTests" name="testIndex" time="0.925" />
  <testcase classname="kennelpal.OwnerControllerTests" name="testList" time="0.081" />
  <testcase classname="kennelpal.OwnerControllerTests" name="testCreate" time="0.09" />
  <testcase classname="kennelpal.OwnerControllerTests" name="testSave" time="0.234" />
  <testcase classname="kennelpal.OwnerControllerTests" name="testShow" time="0.089" />
  <testcase classname="kennelpal.OwnerControllerTests" name="testEdit" time="0.071" />
  <testcase classname="kennelpal.OwnerControllerTests" name="testUpdate" time="0.11" />
  <testcase classname="kennelpal.OwnerControllerTests" name="testDelete" time="0.097" />
  <system-out><![CDATA[--Output from testIndex--
--Output from testList--
--Output from testCreate--
--Output from testSave--
--Output from testShow--
--Output from testEdit--
--Output from testUpdate--
--Output from testDelete--
]]></system-out>
  <system-err><![CDATA[--Output from testIndex--
--Output from testList--
--Output from testCreate--
--Output from testSave--
--Output from testShow--
--Output from testEdit--
--Output from testUpdate--
--Output from testDelete--
]]></system-err>
</testsuite>
