<?xml version="1.0" encoding="UTF-8" ?>
<testsuite errors="0" failures="0" hostname="bmanning10m2.local" name="kennelpal.PaymentControllerTests" tests="8" time="1.49" timestamp="2013-04-23T17:40:39">
  <properties />
  <testcase classname="kennelpal.PaymentControllerTests" name="testIndex" time="0.534" />
  <testcase classname="kennelpal.PaymentControllerTests" name="testList" time="0.083" />
  <testcase classname="kennelpal.PaymentControllerTests" name="testCreate" time="0.081" />
  <testcase classname="kennelpal.PaymentControllerTests" name="testSave" time="0.166" />
  <testcase classname="kennelpal.PaymentControllerTests" name="testShow" time="0.073" />
  <testcase classname="kennelpal.PaymentControllerTests" name="testEdit" time="0.166" />
  <testcase classname="kennelpal.PaymentControllerTests" name="testUpdate" time="0.092" />
  <testcase classname="kennelpal.PaymentControllerTests" name="testDelete" time="0.128" />
  <system-out><![CDATA[--Output from testIndex--
--Output from testList--
--Output from testCreate--
--Output from testSave--
--Output from testShow--
--Output from testEdit--
--Output from testUpdate--
--Output from testDelete--
]]></system-out>
  <system-err><![CDATA[--Output from testIndex--
--Output from testList--
--Output from testCreate--
--Output from testSave--
--Output from testShow--
--Output from testEdit--
--Output from testUpdate--
--Output from testDelete--
]]></system-err>
</testsuite>
