<?xml version="1.0" encoding="UTF-8" ?>
<testsuite errors="0" failures="0" hostname="bmanning10m2.local" name="kennelpal.ContactControllerTests" tests="8" time="3.864" timestamp="2013-04-23T17:52:50">
  <properties />
  <testcase classname="kennelpal.ContactControllerTests" name="testIndex" time="2.39" />
  <testcase classname="kennelpal.ContactControllerTests" name="testList" time="0.58" />
  <testcase classname="kennelpal.ContactControllerTests" name="testCreate" time="0.104" />
  <testcase classname="kennelpal.ContactControllerTests" name="testSave" time="0.293" />
  <testcase classname="kennelpal.ContactControllerTests" name="testShow" time="0.113" />
  <testcase classname="kennelpal.ContactControllerTests" name="testEdit" time="0.084" />
  <testcase classname="kennelpal.ContactControllerTests" name="testUpdate" time="0.11" />
  <testcase classname="kennelpal.ContactControllerTests" name="testDelete" time="0.079" />
  <system-out><![CDATA[--Output from testIndex--
--Output from testList--
--Output from testCreate--
--Output from testSave--
--Output from testShow--
--Output from testEdit--
--Output from testUpdate--
--Output from testDelete--
]]></system-out>
  <system-err><![CDATA[--Output from testIndex--
--Output from testList--
--Output from testCreate--
--Output from testSave--
--Output from testShow--
--Output from testEdit--
--Output from testUpdate--
--Output from testDelete--
]]></system-err>
</testsuite>
