<?xml version="1.0" encoding="UTF-8" ?>
<testsuite errors="0" failures="1" hostname="bmanning10m2.local" name="kennelpal.VaccinationTypesTests" tests="1" time="0.128" timestamp="2013-04-23T16:02:21">
  <properties />
  <testcase classname="kennelpal.VaccinationTypesTests" name="testSomething" time="0.127">
    <failure message="junit.framework.AssertionFailedError: Implement me" type="junit.framework.AssertionFailedError">junit.framework.AssertionFailedError: junit.framework.AssertionFailedError: Implement me
	at kennelpal.VaccinationTypesTests.testSomething(VaccinationTypesTests.groovy:15)
</failure>
  </testcase>
  <system-out><![CDATA[--Output from testSomething--
]]></system-out>
  <system-err><![CDATA[--Output from testSomething--
]]></system-err>
</testsuite>
