<?xml version="1.0" encoding="UTF-8" ?>
<testsuite errors="0" failures="0" hostname="bmanning10m2.local" name="kennelpal.PaymentControllerTests" tests="8" time="0.935" timestamp="2013-04-23T16:38:12">
  <properties />
  <testcase classname="kennelpal.PaymentControllerTests" name="testIndex" time="0.337" />
  <testcase classname="kennelpal.PaymentControllerTests" name="testList" time="0.047" />
  <testcase classname="kennelpal.PaymentControllerTests" name="testCreate" time="0.056" />
  <testcase classname="kennelpal.PaymentControllerTests" name="testSave" time="0.099" />
  <testcase classname="kennelpal.PaymentControllerTests" name="testShow" time="0.079" />
  <testcase classname="kennelpal.PaymentControllerTests" name="testEdit" time="0.066" />
  <testcase classname="kennelpal.PaymentControllerTests" name="testUpdate" time="0.082" />
  <testcase classname="kennelpal.PaymentControllerTests" name="testDelete" time="0.079" />
  <system-out><![CDATA[--Output from testIndex--
--Output from testList--
--Output from testCreate--
--Output from testSave--
--Output from testShow--
--Output from testEdit--
--Output from testUpdate--
--Output from testDelete--
]]></system-out>
  <system-err><![CDATA[--Output from testIndex--
--Output from testList--
--Output from testCreate--
--Output from testSave--
--Output from testShow--
--Output from testEdit--
--Output from testUpdate--
--Output from testDelete--
]]></system-err>
</testsuite>
