<?xml version="1.0" encoding="UTF-8" ?>
<testsuite errors="0" failures="0" hostname="bmanning10m2.local" name="kennelpal.ContactControllerTests" tests="8" time="5.001" timestamp="2013-04-23T20:58:47">
  <properties />
  <testcase classname="kennelpal.ContactControllerTests" name="testIndex" time="3.257" />
  <testcase classname="kennelpal.ContactControllerTests" name="testList" time="0.653" />
  <testcase classname="kennelpal.ContactControllerTests" name="testCreate" time="0.197" />
  <testcase classname="kennelpal.ContactControllerTests" name="testSave" time="0.362" />
  <testcase classname="kennelpal.ContactControllerTests" name="testShow" time="0.101" />
  <testcase classname="kennelpal.ContactControllerTests" name="testEdit" time="0.098" />
  <testcase classname="kennelpal.ContactControllerTests" name="testUpdate" time="0.12" />
  <testcase classname="kennelpal.ContactControllerTests" name="testDelete" time="0.08" />
  <system-out><![CDATA[--Output from testIndex--
--Output from testList--
--Output from testCreate--
--Output from testSave--
--Output from testShow--
--Output from testEdit--
--Output from testUpdate--
--Output from testDelete--
]]></system-out>
  <system-err><![CDATA[--Output from testIndex--
--Output from testList--
--Output from testCreate--
--Output from testSave--
--Output from testShow--
--Output from testEdit--
--Output from testUpdate--
--Output from testDelete--
]]></system-err>
</testsuite>
