<?xml version="1.0" encoding="UTF-8" ?>
<testsuite errors="0" failures="0" hostname="bmanning10m2.local" name="kennelpal.PaymentControllerTests" tests="8" time="0.881" timestamp="2013-04-23T20:58:54">
  <properties />
  <testcase classname="kennelpal.PaymentControllerTests" name="testIndex" time="0.291" />
  <testcase classname="kennelpal.PaymentControllerTests" name="testList" time="0.056" />
  <testcase classname="kennelpal.PaymentControllerTests" name="testCreate" time="0.05" />
  <testcase classname="kennelpal.PaymentControllerTests" name="testSave" time="0.091" />
  <testcase classname="kennelpal.PaymentControllerTests" name="testShow" time="0.058" />
  <testcase classname="kennelpal.PaymentControllerTests" name="testEdit" time="0.061" />
  <testcase classname="kennelpal.PaymentControllerTests" name="testUpdate" time="0.084" />
  <testcase classname="kennelpal.PaymentControllerTests" name="testDelete" time="0.081" />
  <system-out><![CDATA[--Output from testIndex--
--Output from testList--
--Output from testCreate--
--Output from testSave--
--Output from testShow--
--Output from testEdit--
--Output from testUpdate--
--Output from testDelete--
]]></system-out>
  <system-err><![CDATA[--Output from testIndex--
--Output from testList--
--Output from testCreate--
--Output from testSave--
--Output from testShow--
--Output from testEdit--
--Output from testUpdate--
--Output from testDelete--
]]></system-err>
</testsuite>
