<?xml version="1.0" encoding="UTF-8" ?>
<testsuite errors="0" failures="0" hostname="bmanning10m2.local" name="kennelpal.OwnerControllerTests" tests="8" time="1.785" timestamp="2013-04-23T17:52:54">
  <properties />
  <testcase classname="kennelpal.OwnerControllerTests" name="testIndex" time="1.041" />
  <testcase classname="kennelpal.OwnerControllerTests" name="testList" time="0.065" />
  <testcase classname="kennelpal.OwnerControllerTests" name="testCreate" time="0.074" />
  <testcase classname="kennelpal.OwnerControllerTests" name="testSave" time="0.177" />
  <testcase classname="kennelpal.OwnerControllerTests" name="testShow" time="0.07" />
  <testcase classname="kennelpal.OwnerControllerTests" name="testEdit" time="0.074" />
  <testcase classname="kennelpal.OwnerControllerTests" name="testUpdate" time="0.106" />
  <testcase classname="kennelpal.OwnerControllerTests" name="testDelete" time="0.092" />
  <system-out><![CDATA[--Output from testIndex--
--Output from testList--
--Output from testCreate--
--Output from testSave--
--Output from testShow--
--Output from testEdit--
--Output from testUpdate--
--Output from testDelete--
]]></system-out>
  <system-err><![CDATA[--Output from testIndex--
--Output from testList--
--Output from testCreate--
--Output from testSave--
--Output from testShow--
--Output from testEdit--
--Output from testUpdate--
--Output from testDelete--
]]></system-err>
</testsuite>
